  Main.c
C:\Users\ghior\Desktop\programare orientata obiect (C)\GitHub\oop_labs_c\oop_lab5\Concurs_Programare\Main.c(18,9): warning C4013: 'printf' undefined; assuming extern returning int
C:\Users\ghior\Desktop\programare orientata obiect (C)\GitHub\oop_labs_c\oop_lab5\Concurs_Programare\Main.c(20,8): warning C4013: 'scanf' undefined; assuming extern returning int
C:\Users\ghior\Desktop\programare orientata obiect (C)\GitHub\oop_labs_c\oop_lab5\Concurs_Programare\Main.c(27,27): warning C4013: 'Ui_Adaugare_Participant' undefined; assuming extern returning int
C:\Users\ghior\Desktop\programare orientata obiect (C)\GitHub\oop_labs_c\oop_lab5\Concurs_Programare\Main.c(29,29): warning C4013: 'Ui_Tipareste_Participanti' undefined; assuming extern returning int
C:\Users\ghior\Desktop\programare orientata obiect (C)\GitHub\oop_labs_c\oop_lab5\Concurs_Programare\Main.c(31,30): warning C4013: 'Ui_Actualizare_Participant' undefined; assuming extern returning int
C:\Users\ghior\Desktop\programare orientata obiect (C)\GitHub\oop_labs_c\oop_lab5\Concurs_Programare\Main.c(33,27): warning C4013: 'Ui_Stergere_Participant' undefined; assuming extern returning int
C:\Users\ghior\Desktop\programare orientata obiect (C)\GitHub\oop_labs_c\oop_lab5\Concurs_Programare\Main.c(35,28): warning C4013: 'Ui_Filtrare_Participanti' undefined; assuming extern returning int
C:\Users\ghior\Desktop\programare orientata obiect (C)\GitHub\oop_labs_c\oop_lab5\Concurs_Programare\Main.c(37,14): warning C4013: 'Ui_Sortare' undefined; assuming extern returning int
C:\Users\ghior\Desktop\programare orientata obiect (C)\GitHub\oop_labs_c\oop_lab5\Concurs_Programare\Main.c(39,15): warning C4013: 'Ui_Undo' undefined; assuming extern returning int
  Participant.c
C:\Users\ghior\Desktop\programare orientata obiect (C)\GitHub\oop_labs_c\oop_lab5\Concurs_Programare\Participant.c(10,8): warning C4013: 'strcpy' undefined; assuming extern returning int
  Controller.c
C:\Users\ghior\Desktop\programare orientata obiect (C)\GitHub\oop_labs_c\oop_lab5\Concurs_Programare\Controller.c(20,30): warning C4013: 'Validare_Participant' undefined; assuming extern returning int
C:\Users\ghior\Desktop\programare orientata obiect (C)\GitHub\oop_labs_c\oop_lab5\Concurs_Programare\Controller.c(98,1): warning C4029: declared formal parameter list different from definition
C:\Users\ghior\Desktop\programare orientata obiect (C)\GitHub\oop_labs_c\oop_lab5\Concurs_Programare\Controller.c(103,9): warning C4101: 'j': unreferenced local variable
  Repo.c
C:\Users\ghior\Desktop\programare orientata obiect (C)\GitHub\oop_labs_c\oop_lab5\Concurs_Programare\Repo.c(20,29): warning C4047: '=': 'PARTICIPANT *' differs in levels of indirection from 'ElemType *'
  Teste.c
C:\Users\ghior\Desktop\programare orientata obiect (C)\GitHub\oop_labs_c\oop_lab5\Concurs_Programare\Teste.c(151,40): warning C4020: 'Srv_Filtrare': too many actual parameters
C:\Users\ghior\Desktop\programare orientata obiect (C)\GitHub\oop_labs_c\oop_lab5\Concurs_Programare\Teste.c(155,41): warning C4020: 'Srv_Filtrare': too many actual parameters
C:\Users\ghior\Desktop\programare orientata obiect (C)\GitHub\oop_labs_c\oop_lab5\Concurs_Programare\Teste.c(140,6): warning C4101: 'scor2': unreferenced local variable
C:\Users\ghior\Desktop\programare orientata obiect (C)\GitHub\oop_labs_c\oop_lab5\Concurs_Programare\Teste.c(142,6): warning C4101: 'i': unreferenced local variable
C:\Users\ghior\Desktop\programare orientata obiect (C)\GitHub\oop_labs_c\oop_lab5\Concurs_Programare\Teste.c(139,6): warning C4101: 'scor1': unreferenced local variable
  Ui.c
C:\Users\ghior\Desktop\programare orientata obiect (C)\GitHub\oop_labs_c\oop_lab5\Concurs_Programare\Ui.c(151,57): warning C4020: 'Srv_Filtrare': too many actual parameters
C:\Users\ghior\Desktop\programare orientata obiect (C)\GitHub\oop_labs_c\oop_lab5\Concurs_Programare\Ui.c(153,58): warning C4020: 'Srv_Filtrare': too many actual parameters
C:\Users\ghior\Desktop\programare orientata obiect (C)\GitHub\oop_labs_c\oop_lab5\Concurs_Programare\Ui.c(155,30): warning C4047: 'function': 'Concurs *' differs in levels of indirection from 'VECTOR **'
C:\Users\ghior\Desktop\programare orientata obiect (C)\GitHub\oop_labs_c\oop_lab5\Concurs_Programare\Ui.c(155,30): warning C4024: 'Ui_Tipareste_Participanti': different types for formal and actual parameter 1
C:\Users\ghior\Desktop\programare orientata obiect (C)\GitHub\oop_labs_c\oop_lab5\Concurs_Programare\Ui.c(169,62): warning C4047: 'function': 'Concurs *' differs in levels of indirection from 'VECTOR **'
C:\Users\ghior\Desktop\programare orientata obiect (C)\GitHub\oop_labs_c\oop_lab5\Concurs_Programare\Ui.c(169,62): warning C4024: 'Ui_Tipareste_Participanti': different types for formal and actual parameter 1
  Validator.c
C:\Users\ghior\Desktop\programare orientata obiect (C)\GitHub\oop_labs_c\oop_lab5\Concurs_Programare\Validator.c(9,12): warning C4013: 'strcmp' undefined; assuming extern returning int
  Vector.c
C:\Users\ghior\Desktop\programare orientata obiect (C)\GitHub\oop_labs_c\oop_lab5\Concurs_Programare\Vector.c(7,20): warning C4013: 'malloc' undefined; assuming extern returning int
C:\Users\ghior\Desktop\programare orientata obiect (C)\GitHub\oop_labs_c\oop_lab5\Concurs_Programare\Vector.c(9,51): warning C4047: '=': 'ElemType *' differs in levels of indirection from 'int'
C:\Users\ghior\Desktop\programare orientata obiect (C)\GitHub\oop_labs_c\oop_lab5\Concurs_Programare\Vector.c(7,1): warning C4047: 'initializing': 'VECTOR *' differs in levels of indirection from 'int'
C:\Users\ghior\Desktop\programare orientata obiect (C)\GitHub\oop_labs_c\oop_lab5\Concurs_Programare\Vector.c(27,6): warning C4013: 'free' undefined; assuming extern returning int
  Generating Code...
  Concurs_Programare.vcxproj -> C:\Users\ghior\Desktop\programare orientata obiect (C)\GitHub\oop_labs_c\oop_lab5\x64\Debug\Concurs_Programare.exe
